[INFO ] 2024-07-05 10:40:43.986 [TestNG-tests-1] Create_Card - Card is created Successfully.
[INFO ] 2024-07-05 10:40:43.999 [TestNG-tests-1] Create_Card - Status Code 200 is verified
[INFO ] 2024-07-05 10:40:44.000 [TestNG-tests-1] Create_Card - Card name is verified: My First Card Using API
[INFO ] 2024-07-05 10:40:44.001 [TestNG-tests-1] Create_Card - Card Description is verified: Creating card using RestAssured
[INFO ] 2024-07-05 10:40:44.001 [TestNG-tests-1] Create_Card - Card ID 6687805405a0a88b6a6319d1 is fetched successfully
[INFO ] 2024-07-05 10:40:44.397 [TestNG-tests-1] Get_Card - Status Code 200 is verified
[INFO ] 2024-07-05 10:40:44.397 [TestNG-tests-1] Get_Card - Card name is verified: My First Card Using API
[INFO ] 2024-07-05 10:40:44.397 [TestNG-tests-1] Get_Card - Card Description is verified: Creating card using RestAssured
[INFO ] 2024-07-05 10:40:44.873 [TestNG-tests-1] Update_Card - Card is updated and Status Code 200 is verified
[INFO ] 2024-07-05 10:40:44.873 [TestNG-tests-1] Update_Card - Updated Card name is verified: My First Card Using API Updated
[INFO ] 2024-07-05 10:40:44.874 [TestNG-tests-1] Update_Card - Updated Card Description is verified: Creating card using RestAssured Updated
[INFO ] 2024-07-05 10:40:45.531 [TestNG-tests-1] Delete_Card - Card ID 6687805405a0a88b6a6319d1 is deleted successfully
[INFO ] 2024-07-05 10:40:45.856 [TestNG-tests-1] Delete_Card - Card ID <b>6687805405a0a88b6a6319d1</b> is is not found at the server.
[INFO ] 2024-07-15 11:41:27.871 [TestNG-tests-1] Create_Card - Card is created Successfully.
[INFO ] 2024-07-15 11:41:27.875 [TestNG-tests-1] Create_Card - Status Code 200 is verified
[INFO ] 2024-07-15 11:41:27.876 [TestNG-tests-1] Create_Card - Card name is verified: My First Card Using API
[INFO ] 2024-07-15 11:41:27.876 [TestNG-tests-1] Create_Card - Card Description is verified: Creating card using RestAssured
[INFO ] 2024-07-15 11:41:27.876 [TestNG-tests-1] Create_Card - Card ID 6694bd907d022d7a969c548c is fetched successfully
[INFO ] 2024-07-15 11:41:28.289 [TestNG-tests-1] Get_Card - Status Code 200 is verified
[INFO ] 2024-07-15 11:41:28.289 [TestNG-tests-1] Get_Card - Card name is verified: My First Card Using API
[INFO ] 2024-07-15 11:41:28.289 [TestNG-tests-1] Get_Card - Card Description is verified: Creating card using RestAssured
[INFO ] 2024-07-15 11:41:29.216 [TestNG-tests-1] Update_Card - Card is updated and Status Code 200 is verified
[INFO ] 2024-07-15 11:41:29.217 [TestNG-tests-1] Update_Card - Updated Card name is verified: My First Card Using API Updated
[INFO ] 2024-07-15 11:41:29.217 [TestNG-tests-1] Update_Card - Updated Card Description is verified: Creating card using RestAssured Updated
[INFO ] 2024-07-15 11:41:29.951 [TestNG-tests-1] Delete_Card - Card ID 6694bd907d022d7a969c548c is deleted successfully
[INFO ] 2024-07-15 11:41:30.285 [TestNG-tests-1] Delete_Card - Card ID <b>6694bd907d022d7a969c548c</b> is is not found at the server.
[INFO ] 2024-07-15 11:52:31.948 [TestNG-tests-1] Create_Card - Card is created Successfully.
[INFO ] 2024-07-15 11:52:31.960 [TestNG-tests-1] Create_Card - Status Code 200 is verified
[INFO ] 2024-07-15 11:52:31.961 [TestNG-tests-1] Create_Card - Card name is verified: My First Card Using API
[INFO ] 2024-07-15 11:52:31.961 [TestNG-tests-1] Create_Card - Card Description is verified: Creating card using RestAssured
[INFO ] 2024-07-15 11:52:31.961 [TestNG-tests-1] Create_Card - Card ID 6694c02816724457c30babcd is fetched successfully
[INFO ] 2024-07-15 11:52:32.370 [TestNG-tests-1] Get_Card - Status Code 200 is verified
[INFO ] 2024-07-15 11:52:32.370 [TestNG-tests-1] Get_Card - Card name is verified: My First Card Using API
[INFO ] 2024-07-15 11:52:32.370 [TestNG-tests-1] Get_Card - Card Description is verified: Creating card using RestAssured
[INFO ] 2024-07-15 11:52:32.866 [TestNG-tests-1] Update_Card - Card is updated and Status Code 200 is verified
[INFO ] 2024-07-15 11:52:32.867 [TestNG-tests-1] Update_Card - Updated Card name is verified: My First Card Using API Updated
[INFO ] 2024-07-15 11:52:32.867 [TestNG-tests-1] Update_Card - Updated Card Description is verified: Creating card using RestAssured Updated
[INFO ] 2024-07-15 11:52:33.738 [TestNG-tests-1] Delete_Card - Card ID 6694c02816724457c30babcd is deleted successfully
[INFO ] 2024-07-15 11:52:34.073 [TestNG-tests-1] Delete_Card - Card ID <b>6694c02816724457c30babcd</b> is is not found at the server.
[INFO ] 2024-07-15 11:55:23.012 [TestNG-tests-1] Create_Card - Card is created Successfully.
[INFO ] 2024-07-15 11:55:23.014 [TestNG-tests-1] Create_Card - Status Code 200 is verified
[INFO ] 2024-07-15 11:55:23.015 [TestNG-tests-1] Create_Card - Card name is verified: My First Card Using API
[INFO ] 2024-07-15 11:55:23.015 [TestNG-tests-1] Create_Card - Card Description is verified: Creating card using RestAssured
[INFO ] 2024-07-15 11:55:23.015 [TestNG-tests-1] Create_Card - Card ID 6694c0d3ce19e45d5fff9fb2 is fetched successfully
[INFO ] 2024-07-15 11:55:23.456 [TestNG-tests-1] Get_Card - Status Code 200 is verified
[INFO ] 2024-07-15 11:55:23.457 [TestNG-tests-1] Get_Card - Card name is verified: My First Card Using API
[INFO ] 2024-07-15 11:55:23.457 [TestNG-tests-1] Get_Card - Card Description is verified: Creating card using RestAssured
[INFO ] 2024-07-15 11:55:23.909 [TestNG-tests-1] Update_Card - Card is updated and Status Code 200 is verified
[INFO ] 2024-07-15 11:55:23.909 [TestNG-tests-1] Update_Card - Updated Card name is verified: My First Card Using API Updated
[INFO ] 2024-07-15 11:55:23.909 [TestNG-tests-1] Update_Card - Updated Card Description is verified: Creating card using RestAssured Updated
[INFO ] 2024-07-15 11:55:25.155 [TestNG-tests-1] Delete_Card - Card ID 6694c0d3ce19e45d5fff9fb2 is deleted successfully
[INFO ] 2024-07-15 11:55:25.493 [TestNG-tests-1] Delete_Card - Card ID <b>6694c0d3ce19e45d5fff9fb2</b> is is not found at the server.
[INFO ] 2024-07-15 12:00:32.969 [TestNG-tests-1] Create_Card - Card is created Successfully.
[INFO ] 2024-07-15 12:00:32.971 [TestNG-tests-1] Create_Card - Status Code 200 is verified
[INFO ] 2024-07-15 12:00:32.972 [TestNG-tests-1] Create_Card - Card name is verified: My First Card Using API
[INFO ] 2024-07-15 12:00:32.972 [TestNG-tests-1] Create_Card - Card Description is verified: Creating card using RestAssured
[INFO ] 2024-07-15 12:00:32.972 [TestNG-tests-1] Create_Card - Card ID 6694c209bc06535851d6163f is fetched successfully
[INFO ] 2024-07-15 12:00:33.419 [TestNG-tests-1] Get_Card - Status Code 200 is verified
[INFO ] 2024-07-15 12:00:33.419 [TestNG-tests-1] Get_Card - Card name is verified: My First Card Using API
[INFO ] 2024-07-15 12:00:33.419 [TestNG-tests-1] Get_Card - Card Description is verified: Creating card using RestAssured
[INFO ] 2024-07-15 12:00:33.922 [TestNG-tests-1] Update_Card - Card is updated and Status Code 200 is verified
[INFO ] 2024-07-15 12:00:33.923 [TestNG-tests-1] Update_Card - Updated Card name is verified: My First Card Using API Updated
[INFO ] 2024-07-15 12:00:33.923 [TestNG-tests-1] Update_Card - Updated Card Description is verified: Creating card using RestAssured Updated
[INFO ] 2024-07-15 12:00:34.765 [TestNG-tests-1] Delete_Card - Card ID 6694c209bc06535851d6163f is deleted successfully
[INFO ] 2024-07-15 12:00:35.085 [TestNG-tests-1] Delete_Card - Card ID <b>6694c209bc06535851d6163f</b> is is not found at the server.
[INFO ] 2024-09-19 15:02:11.511 [TestNG-tests-1] Create_Card - Card is created Successfully.
[INFO ] 2024-09-19 15:02:11.515 [TestNG-tests-1] Create_Card - Status Code 200 is verified
[INFO ] 2024-09-19 15:02:11.516 [TestNG-tests-1] Create_Card - Card name is verified: My First Card Using API
[INFO ] 2024-09-19 15:02:11.517 [TestNG-tests-1] Create_Card - Card Description is verified: Creating card using RestAssured
[INFO ] 2024-09-19 15:02:11.517 [TestNG-tests-1] Create_Card - Card ID 66ebef9a09efd13c4f109655 is fetched successfully
[INFO ] 2024-09-19 15:02:11.909 [TestNG-tests-1] Get_Card - Status Code 200 is verified
[INFO ] 2024-09-19 15:02:11.910 [TestNG-tests-1] Get_Card - Card name is verified: My First Card Using API
[INFO ] 2024-09-19 15:02:11.910 [TestNG-tests-1] Get_Card - Card Description is verified: Creating card using RestAssured
[INFO ] 2024-09-19 15:02:12.385 [TestNG-tests-1] Update_Card - Card is updated and Status Code 200 is verified
[INFO ] 2024-09-19 15:02:12.385 [TestNG-tests-1] Update_Card - Updated Card name is verified: My First Card Using API Updated
[INFO ] 2024-09-19 15:02:12.386 [TestNG-tests-1] Update_Card - Updated Card Description is verified: Creating card using RestAssured Updated
[INFO ] 2024-09-19 15:02:13.111 [TestNG-tests-1] Delete_Card - Card ID 66ebef9a09efd13c4f109655 is deleted successfully
[INFO ] 2024-09-19 15:02:13.724 [TestNG-tests-1] Delete_Card - Card ID <b>66ebef9a09efd13c4f109655</b> is is not found at the server.
[INFO ] 2024-09-19 15:03:13.251 [TestNG-tests-1] Create_Card - Card is created Successfully.
[INFO ] 2024-09-19 15:03:13.253 [TestNG-tests-1] Create_Card - Status Code 200 is verified
[INFO ] 2024-09-19 15:03:13.254 [TestNG-tests-1] Create_Card - Card name is verified: My First Card Using API
[INFO ] 2024-09-19 15:03:13.254 [TestNG-tests-1] Create_Card - Card Description is verified: Creating card using RestAssured
[INFO ] 2024-09-19 15:03:13.254 [TestNG-tests-1] Create_Card - Card ID 66ebefd893ef6b375a5307ff is fetched successfully
[INFO ] 2024-09-19 15:03:13.635 [TestNG-tests-1] Get_Card - Status Code 200 is verified
[INFO ] 2024-09-19 15:03:13.635 [TestNG-tests-1] Get_Card - Card name is verified: My First Card Using API
[INFO ] 2024-09-19 15:03:13.635 [TestNG-tests-1] Get_Card - Card Description is verified: Creating card using RestAssured
[INFO ] 2024-09-19 15:03:14.164 [TestNG-tests-1] Update_Card - Card is updated and Status Code 200 is verified
[INFO ] 2024-09-19 15:03:14.165 [TestNG-tests-1] Update_Card - Updated Card name is verified: My First Card Using API Updated
[INFO ] 2024-09-19 15:03:14.165 [TestNG-tests-1] Update_Card - Updated Card Description is verified: Creating card using RestAssured Updated
[INFO ] 2024-09-19 15:03:14.867 [TestNG-tests-1] Delete_Card - Card ID 66ebefd893ef6b375a5307ff is deleted successfully
[INFO ] 2024-09-19 15:03:15.253 [TestNG-tests-1] Delete_Card - Card ID <b>66ebefd893ef6b375a5307ff</b> is is not found at the server.
[INFO ] 2024-09-19 15:06:52.742 [TestNG-tests-1] Create_Card - Card is created Successfully.
[INFO ] 2024-09-19 15:06:52.745 [TestNG-tests-1] Create_Card - Status Code 200 is verified
[INFO ] 2024-09-19 15:06:52.747 [TestNG-tests-1] Create_Card - Card name is verified: My First Card Using API
[INFO ] 2024-09-19 15:06:52.747 [TestNG-tests-1] Create_Card - Card Description is verified: Creating card using RestAssured
[INFO ] 2024-09-19 15:06:52.748 [TestNG-tests-1] Create_Card - Card ID 66ebf0b36d761e52f073ce9e is fetched successfully
[INFO ] 2024-09-19 15:06:53.145 [TestNG-tests-1] Get_Card - Status Code 200 is verified
[INFO ] 2024-09-19 15:06:53.145 [TestNG-tests-1] Get_Card - Card name is verified: My First Card Using API
[INFO ] 2024-09-19 15:06:53.145 [TestNG-tests-1] Get_Card - Card Description is verified: Creating card using RestAssured
[INFO ] 2024-09-19 15:06:53.628 [TestNG-tests-1] Update_Card - Card is updated and Status Code 200 is verified
[INFO ] 2024-09-19 15:06:53.628 [TestNG-tests-1] Update_Card - Updated Card name is verified: My First Card Using API Updated
[INFO ] 2024-09-19 15:06:53.628 [TestNG-tests-1] Update_Card - Updated Card Description is verified: Creating card using RestAssured Updated
[INFO ] 2024-09-19 15:06:54.756 [TestNG-tests-1] Delete_Card - Card ID 66ebf0b36d761e52f073ce9e is deleted successfully
[INFO ] 2024-09-19 15:06:55.074 [TestNG-tests-1] Delete_Card - Card ID <b>66ebf0b36d761e52f073ce9e</b> is is not found at the server.
[INFO ] 2024-09-19 15:07:37.527 [TestNG-test=Test-1] Create_Card - Card is created Successfully.
[INFO ] 2024-09-19 15:07:37.529 [TestNG-test=Test-1] Create_Card - Status Code 200 is verified
[INFO ] 2024-09-19 15:07:37.530 [TestNG-test=Test-1] Create_Card - Card name is verified: My First Card Using API
[INFO ] 2024-09-19 15:07:37.531 [TestNG-test=Test-1] Create_Card - Card Description is verified: Creating card using RestAssured
[INFO ] 2024-09-19 15:07:37.531 [TestNG-test=Test-1] Create_Card - Card ID 66ebf0e086f30b1573f2b656 is fetched successfully
[INFO ] 2024-09-19 15:09:30.964 [TestNG-tests-1] Create_Card - Card is created Successfully.
[INFO ] 2024-09-19 15:09:30.966 [TestNG-tests-1] Create_Card - Status Code 200 is verified
[INFO ] 2024-09-19 15:09:30.967 [TestNG-tests-1] Create_Card - Card name is verified: My First Card Using API
[INFO ] 2024-09-19 15:09:30.968 [TestNG-tests-1] Create_Card - Card Description is verified: Creating card using RestAssured
[INFO ] 2024-09-19 15:09:30.968 [TestNG-tests-1] Create_Card - Card ID 66ebf15263a07271446daeda is fetched successfully
[INFO ] 2024-09-19 15:09:31.363 [TestNG-tests-1] Get_Card - Status Code 200 is verified
[INFO ] 2024-09-19 15:09:31.364 [TestNG-tests-1] Get_Card - Card name is verified: My First Card Using API
[INFO ] 2024-09-19 15:09:31.364 [TestNG-tests-1] Get_Card - Card Description is verified: Creating card using RestAssured
[INFO ] 2024-09-19 15:09:31.868 [TestNG-tests-1] Update_Card - Card is updated and Status Code 200 is verified
[INFO ] 2024-09-19 15:09:31.868 [TestNG-tests-1] Update_Card - Updated Card name is verified: My First Card Using API Updated
[INFO ] 2024-09-19 15:09:31.868 [TestNG-tests-1] Update_Card - Updated Card Description is verified: Creating card using RestAssured Updated
[INFO ] 2024-09-19 15:09:32.691 [TestNG-tests-1] Delete_Card - Card ID 66ebf15263a07271446daeda is deleted successfully
[INFO ] 2024-09-19 15:09:33.025 [TestNG-tests-1] Delete_Card - Card ID <b>66ebf15263a07271446daeda</b> is is not found at the server.
[INFO ] 2024-09-19 19:54:43.153 [TestNG-tests-1] Create_Card - Card is created Successfully.
[INFO ] 2024-09-19 19:54:43.155 [TestNG-tests-1] Create_Card - Status Code 200 is verified
[INFO ] 2024-09-19 19:54:43.157 [TestNG-tests-1] Create_Card - Card name is verified: My First Card Using API
[INFO ] 2024-09-19 19:54:43.157 [TestNG-tests-1] Create_Card - Card Description is verified: Creating card using RestAssured
[INFO ] 2024-09-19 19:54:43.157 [TestNG-tests-1] Create_Card - Card ID 66ec342a9d48c606bf74cc89 is fetched successfully
[INFO ] 2024-09-19 19:54:43.551 [TestNG-tests-1] Get_Card - Status Code 200 is verified
[INFO ] 2024-09-19 19:54:43.551 [TestNG-tests-1] Get_Card - Card name is verified: My First Card Using API
[INFO ] 2024-09-19 19:54:43.551 [TestNG-tests-1] Get_Card - Card Description is verified: Creating card using RestAssured
[INFO ] 2024-09-19 19:54:44.048 [TestNG-tests-1] Update_Card - Card is updated and Status Code 200 is verified
[INFO ] 2024-09-19 19:54:44.049 [TestNG-tests-1] Update_Card - Updated Card name is verified: My First Card Using API Updated
[INFO ] 2024-09-19 19:54:44.049 [TestNG-tests-1] Update_Card - Updated Card Description is verified: Creating card using RestAssured Updated
[INFO ] 2024-09-19 19:54:44.935 [TestNG-tests-1] Delete_Card - Card ID 66ec342a9d48c606bf74cc89 is deleted successfully
[INFO ] 2024-09-19 19:54:45.279 [TestNG-tests-1] Delete_Card - Card ID <b>66ec342a9d48c606bf74cc89</b> is is not found at the server.
[INFO ] 2024-09-19 21:59:44.471 [TestNG-tests-1] Create_Card - Card is created Successfully.
[INFO ] 2024-09-19 21:59:44.473 [TestNG-tests-1] Create_Card - Status Code 200 is verified
[INFO ] 2024-09-19 21:59:44.475 [TestNG-tests-1] Create_Card - Card name is verified: My First Card Using API
[INFO ] 2024-09-19 21:59:44.475 [TestNG-tests-1] Create_Card - Card Description is verified: Creating card using RestAssured
[INFO ] 2024-09-19 21:59:44.475 [TestNG-tests-1] Create_Card - Card ID 66ec517785f7487d4a66d190 is fetched successfully
[INFO ] 2024-09-19 21:59:44.876 [TestNG-tests-1] Get_Card - Status Code 200 is verified
[INFO ] 2024-09-19 21:59:44.876 [TestNG-tests-1] Get_Card - Card name is verified: My First Card Using API
[INFO ] 2024-09-19 21:59:44.876 [TestNG-tests-1] Get_Card - Card Description is verified: Creating card using RestAssured
[INFO ] 2024-09-19 21:59:45.295 [TestNG-tests-1] Update_Card - Card is updated and Status Code 200 is verified
[INFO ] 2024-09-19 21:59:45.305 [TestNG-tests-1] Update_Card - Updated Card name is verified: My First Card Using API Updated
[INFO ] 2024-09-19 21:59:45.306 [TestNG-tests-1] Update_Card - Updated Card Description is verified: Creating card using RestAssured Updated
[INFO ] 2024-09-19 21:59:45.999 [TestNG-tests-1] Delete_Card - Card ID 66ec517785f7487d4a66d190 is deleted successfully
[INFO ] 2024-09-19 21:59:46.323 [TestNG-tests-1] Delete_Card - Card ID <b>66ec517785f7487d4a66d190</b> is is not found at the server.
[INFO ] 2024-09-19 22:00:32.950 [TestNG-tests-1] Create_Card - Card is created Successfully.
[INFO ] 2024-09-19 22:00:32.953 [TestNG-tests-1] Create_Card - Status Code 200 is verified
[INFO ] 2024-09-19 22:00:32.954 [TestNG-tests-1] Create_Card - Card name is verified: My First Card Using API
[INFO ] 2024-09-19 22:00:32.955 [TestNG-tests-1] Create_Card - Card Description is verified: Creating card using RestAssured
[INFO ] 2024-09-19 22:00:32.955 [TestNG-tests-1] Create_Card - Card ID 66ec51a78847b7f616077208 is fetched successfully
[INFO ] 2024-09-19 22:00:33.354 [TestNG-tests-1] Get_Card - Status Code 200 is verified
[INFO ] 2024-09-19 22:00:33.355 [TestNG-tests-1] Get_Card - Card name is verified: My First Card Using API
[INFO ] 2024-09-19 22:00:33.355 [TestNG-tests-1] Get_Card - Card Description is verified: Creating card using RestAssured
[INFO ] 2024-09-19 22:00:33.809 [TestNG-tests-1] Update_Card - Card is updated and Status Code 200 is verified
[INFO ] 2024-09-19 22:00:33.809 [TestNG-tests-1] Update_Card - Updated Card name is verified: My First Card Using API Updated
[INFO ] 2024-09-19 22:00:33.809 [TestNG-tests-1] Update_Card - Updated Card Description is verified: Creating card using RestAssured Updated
[INFO ] 2024-09-19 22:00:34.427 [TestNG-tests-1] Delete_Card - Card ID 66ec51a78847b7f616077208 is deleted successfully
[INFO ] 2024-09-19 22:00:34.738 [TestNG-tests-1] Delete_Card - Card ID <b>66ec51a78847b7f616077208</b> is is not found at the server.
[INFO ] 2024-09-19 22:02:02.035 [TestNG-tests-1] Create_Card - Card is created Successfully.
[INFO ] 2024-09-19 22:02:02.037 [TestNG-tests-1] Create_Card - Status Code 200 is verified
[INFO ] 2024-09-19 22:02:02.038 [TestNG-tests-1] Create_Card - Card name is verified: My First Card Using API
[INFO ] 2024-09-19 22:02:02.038 [TestNG-tests-1] Create_Card - Card Description is verified: Creating card using RestAssured
[INFO ] 2024-09-19 22:02:02.038 [TestNG-tests-1] Create_Card - Card ID 66ec52010f14c3f4ae4b493a is fetched successfully
[INFO ] 2024-09-19 22:02:02.437 [TestNG-tests-1] Get_Card - Status Code 200 is verified
[INFO ] 2024-09-19 22:02:02.437 [TestNG-tests-1] Get_Card - Card name is verified: My First Card Using API
[INFO ] 2024-09-19 22:02:02.437 [TestNG-tests-1] Get_Card - Card Description is verified: Creating card using RestAssured
[INFO ] 2024-09-19 22:02:03.354 [TestNG-tests-1] Update_Card - Card is updated and Status Code 200 is verified
[INFO ] 2024-09-19 22:02:03.354 [TestNG-tests-1] Update_Card - Updated Card name is verified: My First Card Using API Updated
[INFO ] 2024-09-19 22:02:03.354 [TestNG-tests-1] Update_Card - Updated Card Description is verified: Creating card using RestAssured Updated
[INFO ] 2024-09-19 22:02:04.207 [TestNG-tests-1] Delete_Card - Card ID 66ec52010f14c3f4ae4b493a is deleted successfully
[INFO ] 2024-09-19 22:02:04.525 [TestNG-tests-1] Delete_Card - Card ID <b>66ec52010f14c3f4ae4b493a</b> is is not found at the server.
